 N 	 Tiempo 	 OB promedio 	 OB maximo 	 OB minimo 
 100 	 0.000032 	 4950 		 4950 		 4950 
 150 	 0.000058 	 11175 		 11175 		 11175 
 200 	 0.000055 	 19900 		 19900 		 19900 
 250 	 0.000081 	 31125 		 31125 		 31125 
 300 	 0.000115 	 44850 		 44850 		 44850 
 350 	 0.000152 	 61075 		 61075 		 61075 
 400 	 0.000196 	 79800 		 79800 		 79800 
 450 	 0.000242 	 101025 		 101025 		 101025 
 500 	 0.000297 	 124750 		 124750 		 124750 
 550 	 0.000367 	 150975 		 150975 		 150975 
 600 	 0.000423 	 179700 		 179700 		 179700 
 650 	 0.000493 	 210925 		 210925 		 210925 
 700 	 0.000567 	 244650 		 244650 		 244650 
 750 	 0.000648 	 280875 		 280875 		 280875 
 800 	 0.000735 	 319600 		 319600 		 319600 
 850 	 0.000832 	 360825 		 360825 		 360825 
 900 	 0.000926 	 404550 		 404550 		 404550 
 950 	 0.001027 	 450775 		 450775 		 450775 
 1000 	 0.001141 	 499500 		 499500 		 499500 
 1050 	 0.001251 	 550725 		 550725 		 550725 
 1100 	 0.001371 	 604450 		 604450 		 604450 
 1150 	 0.001509 	 660675 		 660675 		 660675 
 1200 	 0.001631 	 719400 		 719400 		 719400 
 1250 	 0.001758 	 780625 		 780625 		 780625 
 1300 	 0.001898 	 844350 		 844350 		 844350 
 1350 	 0.002048 	 910575 		 910575 		 910575 
 1400 	 0.002220 	 979300 		 979300 		 979300 
 1450 	 0.002353 	 1050525 		 1050525 		 1050525 
 1500 	 0.002517 	 1124250 		 1124250 		 1124250 
 1550 	 0.002681 	 1200475 		 1200475 		 1200475 
 1600 	 0.002876 	 1279200 		 1279200 		 1279200 
 1650 	 0.003032 	 1360425 		 1360425 		 1360425 
 1700 	 0.003218 	 1444150 		 1444150 		 1444150 
 1750 	 0.003408 	 1530375 		 1530375 		 1530375 
 1800 	 0.003591 	 1619100 		 1619100 		 1619100 
 1850 	 0.003800 	 1710325 		 1710325 		 1710325 
 1900 	 0.004013 	 1804050 		 1804050 		 1804050 
 1950 	 0.004210 	 1900275 		 1900275 		 1900275 
 2000 	 0.004430 	 1999000 		 1999000 		 1999000 
 2050 	 0.004653 	 2100225 		 2100225 		 2100225 
 2100 	 0.004901 	 2203950 		 2203950 		 2203950 
 2150 	 0.005104 	 2310175 		 2310175 		 2310175 
 2200 	 0.005354 	 2418900 		 2418900 		 2418900 
 2250 	 0.005595 	 2530125 		 2530125 		 2530125 
 2300 	 0.005856 	 2643850 		 2643850 		 2643850 
 2350 	 0.006093 	 2760075 		 2760075 		 2760075 
 2400 	 0.006346 	 2878800 		 2878800 		 2878800 
 2450 	 0.006611 	 3000025 		 3000025 		 3000025 
 2500 	 0.006874 	 3123750 		 3123750 		 3123750 
 2550 	 0.007153 	 3249975 		 3249975 		 3249975 
 2600 	 0.007441 	 3378700 		 3378700 		 3378700 
 2650 	 0.007718 	 3509925 		 3509925 		 3509925 
 2700 	 0.008021 	 3643650 		 3643650 		 3643650 
 2750 	 0.008305 	 3779875 		 3779875 		 3779875 
 2800 	 0.008613 	 3918600 		 3918600 		 3918600 
 2850 	 0.008913 	 4059825 		 4059825 		 4059825 
 2900 	 0.009230 	 4203550 		 4203550 		 4203550 
 2950 	 0.009547 	 4349775 		 4349775 		 4349775 
 3000 	 0.009864 	 4498500 		 4498500 		 4498500 
 3050 	 0.010195 	 4649725 		 4649725 		 4649725 
 3100 	 0.010540 	 4803450 		 4803450 		 4803450 
 3150 	 0.010863 	 4959675 		 4959675 		 4959675 
 3200 	 0.011203 	 5118400 		 5118400 		 5118400 
 3250 	 0.011571 	 5279625 		 5279625 		 5279625 
 3300 	 0.011924 	 5443350 		 5443350 		 5443350 
 3350 	 0.012305 	 5609575 		 5609575 		 5609575 
 3400 	 0.012648 	 5778300 		 5778300 		 5778300 
 3450 	 0.013016 	 5949525 		 5949525 		 5949525 
 3500 	 0.013404 	 6123250 		 6123250 		 6123250 
 3550 	 0.013773 	 6299475 		 6299475 		 6299475 
 3600 	 0.014181 	 6478200 		 6478200 		 6478200 
 3650 	 0.014549 	 6659425 		 6659425 		 6659425 
 3700 	 0.015000 	 6843150 		 6843150 		 6843150 
 3750 	 0.015383 	 7029375 		 7029375 		 7029375 
 3800 	 0.015801 	 7218100 		 7218100 		 7218100 
 3850 	 0.016209 	 7409325 		 7409325 		 7409325 
 3900 	 0.016635 	 7603050 		 7603050 		 7603050 
 3950 	 0.017041 	 7799275 		 7799275 		 7799275 
 4000 	 0.017447 	 7998000 		 7998000 		 7998000 
 4050 	 0.017900 	 8199225 		 8199225 		 8199225 
 4100 	 0.018351 	 8402950 		 8402950 		 8402950 
 4150 	 0.018791 	 8609175 		 8609175 		 8609175 
 4200 	 0.019240 	 8817900 		 8817900 		 8817900 
 4250 	 0.019688 	 9029125 		 9029125 		 9029125 
 4300 	 0.020145 	 9242850 		 9242850 		 9242850 
 4350 	 0.020628 	 9459075 		 9459075 		 9459075 
 4400 	 0.021098 	 9677800 		 9677800 		 9677800 
 4450 	 0.021574 	 9899025 		 9899025 		 9899025 
 4500 	 0.022055 	 10122750 		 10122750 		 10122750 
 4550 	 0.022536 	 10348975 		 10348975 		 10348975 
 4600 	 0.023056 	 10577700 		 10577700 		 10577700 
 4650 	 0.023528 	 10808925 		 10808925 		 10808925 
 4700 	 0.024046 	 11042650 		 11042650 		 11042650 
 4750 	 0.024600 	 11278875 		 11278875 		 11278875 
 4800 	 0.025101 	 11517600 		 11517600 		 11517600 
 4850 	 0.025585 	 11758825 		 11758825 		 11758825 
 4900 	 0.026153 	 12002550 		 12002550 		 12002550 
 4950 	 0.026659 	 12248775 		 12248775 		 12248775 
 5000 	 0.027210 	 12497500 		 12497500 		 12497500 
 5050 	 0.027758 	 12748725 		 12748725 		 12748725 
 5100 	 0.028295 	 13002450 		 13002450 		 13002450 
 5150 	 0.028814 	 13258675 		 13258675 		 13258675 
 5200 	 0.029393 	 13517400 		 13517400 		 13517400 
 5250 	 0.030019 	 13778625 		 13778625 		 13778625 
 5300 	 0.030549 	 14042350 		 14042350 		 14042350 
 5350 	 0.031147 	 14308575 		 14308575 		 14308575 
 5400 	 0.031704 	 14577300 		 14577300 		 14577300 
 5450 	 0.032281 	 14848525 		 14848525 		 14848525 
 5500 	 0.032865 	 15122250 		 15122250 		 15122250 
 5550 	 0.033491 	 15398475 		 15398475 		 15398475 
 5600 	 0.034089 	 15677200 		 15677200 		 15677200 
 5650 	 0.034699 	 15958425 		 15958425 		 15958425 
 5700 	 0.035316 	 16242150 		 16242150 		 16242150 
 5750 	 0.035941 	 16528375 		 16528375 		 16528375 
 5800 	 0.036564 	 16817100 		 16817100 		 16817100 
 5850 	 0.037145 	 17108325 		 17108325 		 17108325 
 5900 	 0.037849 	 17402050 		 17402050 		 17402050 
 5950 	 0.038444 	 17698275 		 17698275 		 17698275 
 6000 	 0.039107 	 17997000 		 17997000 		 17997000 
 6050 	 0.039783 	 18298225 		 18298225 		 18298225 
 6100 	 0.040601 	 18601950 		 18601950 		 18601950 
 6150 	 0.041169 	 18908175 		 18908175 		 18908175 
 6200 	 0.041836 	 19216900 		 19216900 		 19216900 
 6250 	 0.042393 	 19528125 		 19528125 		 19528125 
 6300 	 0.043150 	 19841850 		 19841850 		 19841850 
 6350 	 0.043769 	 20158075 		 20158075 		 20158075 
 6400 	 0.044516 	 20476800 		 20476800 		 20476800 
 6450 	 0.045158 	 20798025 		 20798025 		 20798025 
 6500 	 0.045890 	 21121750 		 21121750 		 21121750 
 6550 	 0.046584 	 21447975 		 21447975 		 21447975 
 6600 	 0.047295 	 21776700 		 21776700 		 21776700 
 6650 	 0.048008 	 22107925 		 22107925 		 22107925 
 6700 	 0.048689 	 22441650 		 22441650 		 22441650 
 6750 	 0.049421 	 22777875 		 22777875 		 22777875 
 6800 	 0.050169 	 23116600 		 23116600 		 23116600 
 6850 	 0.051143 	 23457825 		 23457825 		 23457825 
 6900 	 0.051715 	 23801550 		 23801550 		 23801550 
 6950 	 0.052405 	 24147775 		 24147775 		 24147775 
 7000 	 0.053234 	 24496500 		 24496500 		 24496500 
 7050 	 0.053905 	 24847725 		 24847725 		 24847725 
 7100 	 0.054687 	 25201450 		 25201450 		 25201450 
 7150 	 0.055459 	 25557675 		 25557675 		 25557675 
 7200 	 0.056216 	 25916400 		 25916400 		 25916400 
 7250 	 0.057009 	 26277625 		 26277625 		 26277625 
 7300 	 0.057729 	 26641350 		 26641350 		 26641350 
 7350 	 0.058592 	 27007575 		 27007575 		 27007575 
 7400 	 0.059407 	 27376300 		 27376300 		 27376300 
 7450 	 0.061934 	 27747525 		 27747525 		 27747525 
 7500 	 0.063351 	 28121250 		 28121250 		 28121250 
 7550 	 0.061958 	 28497475 		 28497475 		 28497475 
 7600 	 0.062720 	 28876200 		 28876200 		 28876200 
 7650 	 0.063487 	 29257425 		 29257425 		 29257425 
 7700 	 0.064275 	 29641150 		 29641150 		 29641150 
 7750 	 0.065109 	 30027375 		 30027375 		 30027375 
 7800 	 0.065986 	 30416100 		 30416100 		 30416100 
 7850 	 0.066822 	 30807325 		 30807325 		 30807325 
 7900 	 0.067655 	 31201050 		 31201050 		 31201050 
 7950 	 0.068518 	 31597275 		 31597275 		 31597275 
 8000 	 0.069363 	 31996000 		 31996000 		 31996000 
 8050 	 0.070217 	 32397225 		 32397225 		 32397225 
 8100 	 0.071232 	 32800950 		 32800950 		 32800950 
 8150 	 0.071985 	 33207175 		 33207175 		 33207175 
 8200 	 0.072874 	 33615900 		 33615900 		 33615900 
 8250 	 0.073790 	 34027125 		 34027125 		 34027125 
 8300 	 0.074682 	 34440850 		 34440850 		 34440850 
 8350 	 0.075523 	 34857075 		 34857075 		 34857075 
 8400 	 0.076868 	 35275800 		 35275800 		 35275800 
 8450 	 0.077341 	 35697025 		 35697025 		 35697025 
 8500 	 0.078206 	 36120750 		 36120750 		 36120750 
 8550 	 0.078996 	 36546975 		 36546975 		 36546975 
 8600 	 0.079919 	 36975700 		 36975700 		 36975700 
 8650 	 0.080925 	 37406925 		 37406925 		 37406925 
 8700 	 0.081829 	 37840650 		 37840650 		 37840650 
 8750 	 0.082758 	 38276875 		 38276875 		 38276875 
 8800 	 0.083758 	 38715600 		 38715600 		 38715600 
 8850 	 0.084657 	 39156825 		 39156825 		 39156825 
 8900 	 0.085715 	 39600550 		 39600550 		 39600550 
 8950 	 0.086607 	 40046775 		 40046775 		 40046775 
 9000 	 0.087592 	 40495500 		 40495500 		 40495500 
 9050 	 0.088573 	 40946725 		 40946725 		 40946725 
 9100 	 0.089523 	 41400450 		 41400450 		 41400450 
 9150 	 0.090543 	 41856675 		 41856675 		 41856675 
 9200 	 0.091545 	 42315400 		 42315400 		 42315400 
 9250 	 0.092549 	 42776625 		 42776625 		 42776625 
 9300 	 0.093579 	 43240350 		 43240350 		 43240350 
 9350 	 0.094621 	 43706575 		 43706575 		 43706575 
 9400 	 0.095584 	 44175300 		 44175300 		 44175300 
 9450 	 0.096599 	 44646525 		 44646525 		 44646525 
 9500 	 0.097574 	 45120250 		 45120250 		 45120250 
 9550 	 0.098850 	 45596475 		 45596475 		 45596475 
 9600 	 0.099783 	 46075200 		 46075200 		 46075200 
 9650 	 0.100745 	 46556425 		 46556425 		 46556425 
 9700 	 0.101848 	 47040150 		 47040150 		 47040150 
 9750 	 0.102866 	 47526375 		 47526375 		 47526375 
 9800 	 0.103986 	 48015100 		 48015100 		 48015100 
 9850 	 0.105177 	 48506325 		 48506325 		 48506325 
 9900 	 0.106107 	 49000050 		 49000050 		 49000050 
 9950 	 0.107207 	 49496275 		 49496275 		 49496275 
 10000 	 0.108391 	 49995000 		 49995000 		 49995000 
