 N 	 Tiempo 	 OB promedio 	 OB maximo 	 OB minimo 
 1000 	 0.001979 	 11133 		 12463 		 10254 
 1050 	 0.001559 	 12000 		 12525 		 11183 
 1100 	 0.001630 	 12216 		 13714 		 11467 
 1150 	 0.001665 	 13038 		 14315 		 11768 
 1200 	 0.001791 	 13956 		 15408 		 13066 
 1250 	 0.001886 	 14313 		 15545 		 13168 
 1300 	 0.001962 	 14637 		 16223 		 13898 
 1350 	 0.002080 	 16433 		 18556 		 15192 
 1400 	 0.002109 	 16210 		 18577 		 14873 
 1450 	 0.002134 	 16902 		 18157 		 15869 
 1500 	 0.002251 	 17910 		 19524 		 15831 
 1550 	 0.002419 	 18206 		 20417 		 16148 
 1600 	 0.002504 	 19558 		 21033 		 18009 
 1650 	 0.002458 	 19569 		 21196 		 18526 
 1700 	 0.002535 	 20162 		 20983 		 19281 
 1750 	 0.002631 	 20972 		 21682 		 20338 
 1800 	 0.002890 	 22351 		 26330 		 20130 
 1850 	 0.002806 	 22344 		 23822 		 20906 
 1900 	 0.003034 	 23611 		 26158 		 22069 
 1950 	 0.003033 	 24441 		 27273 		 22226 
 2000 	 0.003210 	 24877 		 27747 		 23113 
 2050 	 0.003100 	 25632 		 29273 		 23475 
 2100 	 0.003288 	 26660 		 30787 		 24622 
 2150 	 0.003304 	 26504 		 28277 		 24607 
 2200 	 0.003550 	 28024 		 31271 		 26236 
 2250 	 0.003432 	 27613 		 28627 		 26291 
 2300 	 0.003688 	 29081 		 31681 		 27300 
 2350 	 0.003817 	 30735 		 35819 		 28143 
 2400 	 0.003783 	 30572 		 32784 		 29173 
 2450 	 0.003787 	 30862 		 33383 		 29311 
 2500 	 0.003893 	 32035 		 35225 		 29508 
 2550 	 0.004130 	 32363 		 34815 		 29595 
 2600 	 0.004059 	 33370 		 36075 		 31638 
 2650 	 0.004250 	 34295 		 39587 		 31864 
 2700 	 0.004349 	 35601 		 38610 		 32270 
 2750 	 0.004330 	 35376 		 40944 		 33526 
 2800 	 0.004488 	 36170 		 39722 		 34221 
 2850 	 0.004497 	 37192 		 44027 		 34886 
 2900 	 0.004762 	 38597 		 41354 		 35914 
 2950 	 0.004817 	 39530 		 43544 		 37797 
 3000 	 0.004858 	 39972 		 44467 		 36678 
 3050 	 0.004971 	 40830 		 43087 		 38207 
 3100 	 0.005035 	 41374 		 44777 		 38754 
 3150 	 0.005071 	 41916 		 44331 		 38867 
 3200 	 0.005203 	 41745 		 45448 		 40819 
 3250 	 0.005279 	 42952 		 45431 		 41282 
 3300 	 0.005370 	 44859 		 55483 		 41767 
 3350 	 0.005507 	 44788 		 50591 		 41044 
 3400 	 0.005570 	 46557 		 50425 		 43459 
 3450 	 0.005656 	 46996 		 52895 		 42802 
 3500 	 0.005898 	 48052 		 50620 		 45324 
 3550 	 0.005796 	 48192 		 52892 		 45015 
 3600 	 0.005921 	 48564 		 54944 		 44723 
 3650 	 0.006230 	 50349 		 53833 		 46980 
 3700 	 0.006009 	 50055 		 53324 		 46711 
 3750 	 0.006131 	 50964 		 54383 		 46863 
 3800 	 0.006431 	 51491 		 55143 		 48909 
 3850 	 0.006411 	 52901 		 59657 		 48934 
 3900 	 0.006586 	 54691 		 62647 		 51220 
 3950 	 0.006514 	 53477 		 56015 		 51650 
 4000 	 0.006611 	 54440 		 58903 		 52019 
 4050 	 0.006798 	 55315 		 59066 		 50578 
 4100 	 0.006963 	 57435 		 62298 		 52895 
 4150 	 0.006962 	 57776 		 60792 		 55032 
 4200 	 0.007160 	 59451 		 63949 		 55071 
 4250 	 0.007321 	 59568 		 63789 		 57707 
 4300 	 0.007261 	 60079 		 63023 		 56724 
 4350 	 0.007233 	 60063 		 63590 		 58310 
 4400 	 0.007530 	 61580 		 64291 		 59271 
 4450 	 0.007442 	 62032 		 68841 		 58747 
 4500 	 0.007555 	 61922 		 67288 		 58562 
 4550 	 0.007783 	 65101 		 68343 		 62047 
 4600 	 0.008014 	 65067 		 69208 		 62039 
 4650 	 0.007883 	 64790 		 67802 		 62122 
 4700 	 0.007956 	 65963 		 71766 		 60961 
 4750 	 0.008131 	 67162 		 73718 		 62978 
 4800 	 0.008178 	 68066 		 74524 		 64641 
 4850 	 0.008118 	 66802 		 72144 		 62988 
 4900 	 0.008210 	 70256 		 75340 		 64954 
 4950 	 0.008555 	 70399 		 78170 		 67968 
 5000 	 0.008708 	 71267 		 75038 		 65408 
 5050 	 0.008602 	 72919 		 77128 		 66470 
 5100 	 0.008766 	 72962 		 81567 		 68469 
 5150 	 0.008866 	 74042 		 79024 		 70780 
 5200 	 0.008800 	 73333 		 76514 		 70690 
 5250 	 0.009375 	 77594 		 83225 		 74324 
 5300 	 0.009178 	 76456 		 80246 		 70549 
 5350 	 0.009060 	 75526 		 79837 		 71769 
 5400 	 0.009166 	 77292 		 83910 		 74176 
 5450 	 0.009591 	 79656 		 87265 		 72743 
 5500 	 0.009531 	 79179 		 82189 		 74547 
 5550 	 0.009419 	 79593 		 86523 		 76248 
 5600 	 0.009651 	 81160 		 86924 		 77148 
 5650 	 0.009550 	 79324 		 85282 		 76398 
 5700 	 0.009701 	 83906 		 97150 		 79587 
 5750 	 0.009955 	 83012 		 91608 		 78058 
 5800 	 0.010371 	 87201 		 95271 		 79246 
 5850 	 0.010173 	 84506 		 89152 		 79510 
 5900 	 0.010199 	 85340 		 90177 		 82248 
 5950 	 0.010618 	 88426 		 94732 		 83850 
 6000 	 0.010457 	 86622 		 102662 		 82878 
 6050 	 0.010469 	 89427 		 96516 		 82054 
 6100 	 0.010332 	 87283 		 92602 		 82829 
 6150 	 0.010525 	 89752 		 96762 		 84805 
 6200 	 0.010981 	 90797 		 101571 		 83630 
 6250 	 0.010861 	 92740 		 97138 		 86985 
 6300 	 0.010890 	 92068 		 96804 		 84822 
 6350 	 0.011109 	 93849 		 103094 		 91373 
 6400 	 0.010913 	 91828 		 95461 		 88771 
 6450 	 0.010858 	 94197 		 103824 		 87283 
 6500 	 0.011350 	 97329 		 103910 		 93523 
 6550 	 0.011481 	 96607 		 104278 		 93318 
 6600 	 0.011448 	 96867 		 100791 		 89714 
 6650 	 0.011605 	 101442 		 108769 		 96576 
 6700 	 0.012097 	 100595 		 112449 		 93805 
 6750 	 0.012022 	 99864 		 106126 		 93237 
 6800 	 0.011973 	 99267 		 104973 		 95113 
 6850 	 0.012267 	 102453 		 109024 		 97662 
 6900 	 0.012318 	 104094 		 107363 		 100622 
 6950 	 0.012368 	 102602 		 108571 		 97534 
 7000 	 0.012273 	 101989 		 118260 		 96328 
 7050 	 0.012420 	 104142 		 110839 		 96179 
 7100 	 0.012858 	 108950 		 118051 		 100035 
 7150 	 0.012488 	 106245 		 113189 		 100736 
 7200 	 0.012616 	 106922 		 111104 		 101798 
 7250 	 0.012553 	 106096 		 117446 		 99870 
 7300 	 0.012868 	 108588 		 117429 		 103863 
 7350 	 0.013206 	 110666 		 116829 		 106623 
 7400 	 0.013181 	 110959 		 118226 		 105540 
 7450 	 0.013398 	 111936 		 118452 		 107965 
 7500 	 0.012826 	 109847 		 114485 		 107447 
 7550 	 0.013524 	 112313 		 115511 		 108943 
 7600 	 0.013458 	 113944 		 120376 		 107615 
 7650 	 0.013517 	 114300 		 121059 		 110149 
 7700 	 0.013645 	 114487 		 118117 		 106591 
 7750 	 0.013311 	 113129 		 120119 		 109123 
 7800 	 0.013726 	 117692 		 128904 		 111687 
 7850 	 0.014133 	 120443 		 127408 		 114525 
 7900 	 0.014012 	 118407 		 127298 		 109787 
 7950 	 0.014203 	 119811 		 126870 		 115507 
 8000 	 0.014283 	 120300 		 128022 		 114818 
 8050 	 0.014347 	 119231 		 123119 		 114523 
 8100 	 0.014230 	 121436 		 130582 		 115385 
 8150 	 0.014762 	 125707 		 135733 		 117858 
 8200 	 0.014555 	 124350 		 128639 		 118192 
 8250 	 0.014815 	 126291 		 133232 		 117170 
 8300 	 0.014873 	 125867 		 137996 		 120856 
 8350 	 0.014788 	 127377 		 136664 		 123972 
 8400 	 0.014666 	 125781 		 131094 		 120032 
 8450 	 0.015003 	 128406 		 137304 		 121603 
 8500 	 0.015071 	 128486 		 138816 		 123544 
 8550 	 0.015325 	 128371 		 139011 		 125125 
 8600 	 0.015227 	 131682 		 136583 		 126902 
 8650 	 0.015585 	 130432 		 140593 		 123562 
 8700 	 0.015427 	 130375 		 139155 		 124209 
 8750 	 0.015735 	 131707 		 139343 		 125972 
 8800 	 0.015842 	 134574 		 144553 		 127165 
 8850 	 0.015916 	 136757 		 150512 		 127222 
 8900 	 0.016403 	 136666 		 143407 		 129324 
 8950 	 0.016549 	 139595 		 151068 		 128889 
 9000 	 0.016309 	 139119 		 143269 		 132769 
 9050 	 0.016068 	 137965 		 152000 		 132084 
 9100 	 0.016751 	 140578 		 152780 		 134360 
 9150 	 0.016066 	 137198 		 142581 		 132271 
 9200 	 0.016500 	 139837 		 149424 		 134791 
 9250 	 0.016642 	 142801 		 151408 		 136689 
 9300 	 0.016817 	 142667 		 156172 		 136022 
 9350 	 0.016798 	 142660 		 156393 		 134392 
 9400 	 0.016978 	 142305 		 149795 		 136972 
 9450 	 0.016922 	 144445 		 156898 		 136605 
 9500 	 0.017416 	 147448 		 153188 		 139038 
 9550 	 0.017132 	 147308 		 154426 		 141174 
 9600 	 0.017481 	 148168 		 160014 		 138693 
 9650 	 0.017638 	 148722 		 153572 		 143575 
 9700 	 0.017556 	 146483 		 160905 		 140925 
 9750 	 0.017885 	 149564 		 160890 		 144714 
 9800 	 0.017880 	 154163 		 161378 		 145328 
 9850 	 0.017918 	 151674 		 166117 		 143077 
 9900 	 0.018347 	 154813 		 165847 		 151141 
 9950 	 0.018594 	 157428 		 168495 		 147202 
 10000 	 0.019106 	 155010 		 162358 		 148578 
