 1000 	 0.001892 	 11026 		 12614 		 9810 
 1050 	 0.001538 	 11616 		 12515 		 10677 
 1100 	 0.001609 	 12023 		 12673 		 11300 
 1150 	 0.001707 	 12880 		 14793 		 12004 
 1200 	 0.001841 	 13680 		 14968 		 12637 
 1250 	 0.001886 	 14279 		 16375 		 13028 
 1300 	 0.002058 	 15092 		 17438 		 14113 
 1350 	 0.002042 	 15598 		 17589 		 14694 
 1400 	 0.002122 	 16170 		 16963 		 15246 
 1450 	 0.002200 	 17074 		 18682 		 14978 
 1500 	 0.002327 	 17951 		 20727 		 16552 
 1550 	 0.002421 	 18231 		 19739 		 17141 
 1600 	 0.002499 	 19042 		 19801 		 17992 
 1650 	 0.002651 	 20290 		 22527 		 19030 
 1700 	 0.002680 	 20590 		 21972 		 18823 
 1750 	 0.002825 	 21790 		 22841 		 21079 
 1800 	 0.002926 	 21900 		 24194 		 20118 
 1850 	 0.002914 	 22672 		 26570 		 21383 
 1900 	 0.003013 	 22979 		 24572 		 21677 
 1950 	 0.003171 	 24033 		 25745 		 22501 
 2000 	 0.003243 	 25012 		 27668 		 23027 
 2050 	 0.003318 	 25853 		 27383 		 24681 
 2100 	 0.003331 	 25707 		 27791 		 23786 
 2150 	 0.003452 	 27136 		 30308 		 25272 
 2200 	 0.003738 	 27921 		 33748 		 25666 
 2250 	 0.003607 	 27805 		 28767 		 27287 
 2300 	 0.003727 	 29129 		 32688 		 27010 
 2350 	 0.003809 	 29681 		 31006 		 27831 
 2400 	 0.003946 	 31057 		 34548 		 29025 
 2450 	 0.003963 	 31313 		 32942 		 30089 
 2500 	 0.004011 	 31716 		 36568 		 29897 
 2550 	 0.004245 	 33020 		 37829 		 30710 
 2600 	 0.004229 	 33451 		 36533 		 30725 
 2650 	 0.004283 	 34060 		 37157 		 31998 
 2700 	 0.004447 	 35675 		 40747 		 33162 
 2750 	 0.004540 	 35319 		 42223 		 33115 
 2800 	 0.004800 	 37036 		 42192 		 34266 
 2850 	 0.004777 	 37363 		 40638 		 34948 
 2900 	 0.004838 	 37980 		 41652 		 36345 
 2950 	 0.004915 	 38076 		 41105 		 34900 
 3000 	 0.004964 	 39476 		 42675 		 35793 
 3050 	 0.005212 	 40213 		 43096 		 38640 
 3100 	 0.005217 	 40765 		 42979 		 39137 
 3150 	 0.005283 	 41615 		 45773 		 39451 
 3200 	 0.005465 	 42926 		 47060 		 40314 
 3250 	 0.005659 	 44959 		 48410 		 42491 
 3300 	 0.005531 	 44540 		 49037 		 41364 
 3350 	 0.005863 	 46154 		 49808 		 43409 
 3400 	 0.005859 	 45730 		 51261 		 43155 
 3450 	 0.005776 	 47370 		 50960 		 44712 
 3500 	 0.006061 	 47635 		 53866 		 43236 
 3550 	 0.005924 	 47298 		 53138 		 44700 
 3600 	 0.006125 	 49249 		 54511 		 45654 
 3650 	 0.006371 	 50677 		 55423 		 48111 
 3700 	 0.006284 	 50131 		 60115 		 47499 
 3750 	 0.006482 	 51513 		 54532 		 48972 
 3800 	 0.006667 	 52856 		 59955 		 49436 
 3850 	 0.006564 	 53254 		 57652 		 49063 
 3900 	 0.006672 	 53443 		 58154 		 51526 
 3950 	 0.006606 	 53554 		 55478 		 51262 
 4000 	 0.007019 	 55008 		 61548 		 51803 
 4050 	 0.007260 	 56877 		 62064 		 52552 
 4100 	 0.007183 	 57391 		 63089 		 54900 
 4150 	 0.006974 	 56947 		 61721 		 53288 
 4200 	 0.007254 	 57972 		 60435 		 54695 
 4250 	 0.007162 	 58747 		 63202 		 55665 
 4300 	 0.007499 	 58930 		 62382 		 56237 
 4350 	 0.007578 	 60424 		 66082 		 57100 
 4400 	 0.007626 	 60680 		 64167 		 58117 
 4450 	 0.007849 	 62048 		 65048 		 58755 
 4500 	 0.007980 	 63734 		 69679 		 57642 
 4550 	 0.007879 	 63502 		 66240 		 58178 
 4600 	 0.008354 	 66082 		 74787 		 62141 
 4650 	 0.008285 	 66800 		 76042 		 61534 
 4700 	 0.008166 	 67260 		 73492 		 62795 
 4750 	 0.008430 	 68006 		 73128 		 64298 
 4800 	 0.008338 	 67460 		 69369 		 63604 
 4850 	 0.008721 	 71284 		 77222 		 65672 
 4900 	 0.008322 	 67399 		 72055 		 65265 
 4950 	 0.008725 	 70441 		 79554 		 65464 
 5000 	 0.008901 	 70700 		 75682 		 66983 
 5050 	 0.008855 	 71612 		 80433 		 67693 
 5100 	 0.009252 	 74525 		 77665 		 69139 
 5150 	 0.008987 	 73910 		 78339 		 68394 
 5200 	 0.009175 	 74570 		 80126 		 69270 
 5250 	 0.009200 	 74529 		 79744 		 70762 
 5300 	 0.009214 	 75716 		 79552 		 71599 
 5350 	 0.009423 	 75407 		 82777 		 71255 
 5400 	 0.009704 	 78247 		 85890 		 72682 
 5450 	 0.009588 	 79228 		 82873 		 75155 
 5500 	 0.009779 	 78023 		 82407 		 75958 
 5550 	 0.009707 	 79655 		 87117 		 72008 
 5600 	 0.010111 	 81408 		 84838 		 77385 
 5650 	 0.010156 	 81564 		 87907 		 76681 
 5700 	 0.010066 	 83265 		 86563 		 79800 
 5750 	 0.010230 	 81733 		 86171 		 77909 
 5800 	 0.010250 	 83799 		 93156 		 79225 
 5850 	 0.010286 	 84085 		 88802 		 81114 
 5900 	 0.010642 	 85213 		 90213 		 82308 
 5950 	 0.010604 	 85299 		 90045 		 80407 
 6000 	 0.010610 	 86836 		 96686 		 82200 
 6050 	 0.010760 	 88376 		 97051 		 84809 
 6100 	 0.010620 	 89606 		 97666 		 83025 
 6150 	 0.011245 	 90763 		 95666 		 86427 
 6200 	 0.010893 	 89222 		 97309 		 84187 
 6250 	 0.011306 	 91734 		 97711 		 85827 
 6300 	 0.011183 	 91477 		 99932 		 87104 
 6350 	 0.011441 	 91513 		 99652 		 86639 
 6400 	 0.011401 	 94891 		 101772 		 89864 
 6450 	 0.011605 	 94636 		 100737 		 90972 
 6500 	 0.011488 	 92742 		 96042 		 89404 
 6550 	 0.011898 	 98415 		 108037 		 91799 
 6600 	 0.012040 	 100041 		 107584 		 94496 
 6650 	 0.011732 	 98252 		 106070 		 94311 
 6700 	 0.012187 	 100106 		 114197 		 92025 
 6750 	 0.012362 	 99266 		 112103 		 93900 
 6800 	 0.011997 	 97737 		 105511 		 92890 
 6850 	 0.012556 	 101386 		 110551 		 97158 
 6900 	 0.012312 	 100886 		 108090 		 95885 
 6950 	 0.012482 	 100797 		 104494 		 95587 
 7000 	 0.012768 	 103504 		 112424 		 98898 
 7050 	 0.012879 	 105316 		 119775 		 98670 
 7100 	 0.013030 	 105077 		 108299 		 100154 
 7150 	 0.012804 	 105853 		 114041 		 99267 
 7200 	 0.013355 	 110560 		 128559 		 100765 
 7250 	 0.013373 	 108815 		 118789 		 104254 
 7300 	 0.012921 	 109595 		 115872 		 104092 
 7350 	 0.013813 	 111790 		 121160 		 103943 
 7400 	 0.013629 	 110654 		 118750 		 105103 
 7450 	 0.013529 	 111828 		 120484 		 107188 
 7500 	 0.013588 	 113947 		 121705 		 106062 
 7550 	 0.013902 	 113585 		 120895 		 110793 
 7600 	 0.013641 	 112133 		 120799 		 108435 
 7650 	 0.014065 	 112849 		 117920 		 107326 
 7700 	 0.014080 	 113729 		 118204 		 108376 
 7750 	 0.014356 	 117093 		 123940 		 112926 
 7800 	 0.014337 	 118260 		 126344 		 112198 
 7850 	 0.014338 	 118211 		 129703 		 112909 
 7900 	 0.014935 	 122499 		 132160 		 115638 
 7950 	 0.014566 	 119037 		 127413 		 114052 
 8000 	 0.014687 	 118753 		 122690 		 115103 
 8050 	 0.014507 	 118055 		 132362 		 113692 
 8100 	 0.014783 	 122099 		 135830 		 118006 
 8150 	 0.015028 	 121558 		 128485 		 115852 
 8200 	 0.015188 	 126821 		 147457 		 117437 
 8250 	 0.015277 	 128008 		 138391 		 120425 
 8300 	 0.015109 	 123944 		 132561 		 117900 
 8350 	 0.015277 	 128359 		 135725 		 120715 
 8400 	 0.015462 	 125442 		 132609 		 119917 
 8450 	 0.015775 	 128106 		 134373 		 123986 
 8500 	 0.015702 	 127306 		 132872 		 123479 
 8550 	 0.015879 	 129824 		 136590 		 122540 
 8600 	 0.016082 	 132868 		 148994 		 124609 
 8650 	 0.016056 	 131991 		 141735 		 124379 
 8700 	 0.015996 	 131990 		 143424 		 126388 
 8750 	 0.016346 	 133491 		 141067 		 129557 
 8800 	 0.016534 	 136417 		 147171 		 130463 
 8850 	 0.016234 	 136385 		 152332 		 129167 
 8900 	 0.016395 	 133037 		 141036 		 128823 
 8950 	 0.016414 	 137243 		 142817 		 130263 
 9000 	 0.016680 	 135298 		 141730 		 129335 
 9050 	 0.017329 	 142749 		 147417 		 137407 
 9100 	 0.016920 	 140977 		 150824 		 132900 
 9150 	 0.016650 	 138004 		 157007 		 132204 
 9200 	 0.017231 	 141735 		 149536 		 134364 
 9250 	 0.017409 	 144257 		 154483 		 134571 
 9300 	 0.017559 	 143762 		 147560 		 139209 
 9350 	 0.018108 	 145714 		 161070 		 133778 
 9400 	 0.017582 	 144035 		 152381 		 136605 
 9450 	 0.018001 	 147825 		 162736 		 136791 
 9500 	 0.017608 	 144776 		 154252 		 134210 
 9550 	 0.017659 	 147009 		 161859 		 142263 
 9600 	 0.018422 	 152688 		 171793 		 141491 
 9650 	 0.018310 	 150789 		 166329 		 139938 
 9700 	 0.018577 	 150912 		 166226 		 143337 
 9750 	 0.018461 	 152499 		 164337 		 147849 
 9800 	 0.018434 	 150913 		 161244 		 142427 
 9850 	 0.018417 	 151882 		 162698 		 141364 
 9900 	 0.019106 	 155330 		 169613 		 146707 
 9950 	 0.018926 	 159745 		 177151 		 146375 
 10000 	 0.018282 	 153309 		 167237 		 149291 
